2024-11-10 17:14:37.389 [info] Started local extension host with pid 5685.
2024-11-10 17:14:40.080 [error] [hollowtree.vue-snippets]: Unknown language in `contributes.vue-snippets.language`. Provided value: vue-html
2024-11-10 17:14:40.080 [error] [sdras.vue-vscode-snippets]: Unknown language in `contributes.vue-vscode-snippets.language`. Provided value: vue-html
2024-11-10 17:14:40.733 [info] [perf] Render performance baseline is 69ms
2024-11-10 17:24:45.750 [error] Unknown (FileSystemError): Failed to move 'App.js' to the trash (Failed to move item to trash)
    at b6.create (file:///opt/visual-studio-code/resources/app/out/main.js:38:28832)
    at Vi (file:///opt/visual-studio-code/resources/app/out/main.js:38:26126)
    at Uy.y (file:///opt/visual-studio-code/resources/app/out/main.js:49:26885)
2024-11-10 17:24:45.778 [error] Failed to move 'App.js' to the trash (Failed to move item to trash): Unknown (FileSystemError): Failed to move 'App.js' to the trash (Failed to move item to trash)
    at b6.create (file:///opt/visual-studio-code/resources/app/out/main.js:38:28832)
    at Vi (file:///opt/visual-studio-code/resources/app/out/main.js:38:26126)
    at Uy.y (file:///opt/visual-studio-code/resources/app/out/main.js:49:26885)
2024-11-10 17:39:00.213 [error] [network] #11: https://marketplace.visualstudio.com/_apis/public/gallery/extensionquery - error POST Canceled
2024-11-10 17:39:00.803 [error] [network] #12: https://marketplace.visualstudio.com/_apis/public/gallery/extensionquery - error POST Canceled
2024-11-10 17:39:24.042 [error] [hollowtree.vue-snippets]: Unknown language in `contributes.vue-snippets.language`. Provided value: vue-html
2024-11-10 17:39:24.042 [error] [sdras.vue-vscode-snippets]: Unknown language in `contributes.vue-vscode-snippets.language`. Provided value: vue-html
2024-11-10 18:00:21.055 [error] Unknown (FileSystemError): Failed to move 'settings.jsx' to the trash (Failed to move item to trash)
    at b6.create (file:///opt/visual-studio-code/resources/app/out/main.js:38:28832)
    at Vi (file:///opt/visual-studio-code/resources/app/out/main.js:38:26126)
    at Uy.y (file:///opt/visual-studio-code/resources/app/out/main.js:49:26885)
2024-11-10 18:00:21.085 [error] Failed to move 'settings.jsx' to the trash (Failed to move item to trash): Unknown (FileSystemError): Failed to move 'settings.jsx' to the trash (Failed to move item to trash)
    at b6.create (file:///opt/visual-studio-code/resources/app/out/main.js:38:28832)
    at Vi (file:///opt/visual-studio-code/resources/app/out/main.js:38:26126)
    at Uy.y (file:///opt/visual-studio-code/resources/app/out/main.js:49:26885)
2024-11-10 18:22:49.366 [error] [Extension Host] A non-recoverable error occurred while executing tsserver command: updateOpen
2024-11-10 18:22:49.367 [error] [Extension Host] Error processing request. Debug Failure.
Error: Debug Failure.
    at stopWatchFailedLookupLocationOfResolution (/opt/visual-studio-code/resources/app/extensions/node_modules/typescript/lib/typescript.js:130844:11)
    at /opt/visual-studio-code/resources/app/extensions/node_modules/typescript/lib/typescript.js:130890:25
    at /opt/visual-studio-code/resources/app/extensions/node_modules/typescript/lib/typescript.js:43862:16
    at Map.forEach (<anonymous>)
    at Object.forEach (/opt/visual-studio-code/resources/app/extensions/node_modules/typescript/lib/typescript.js:43860:25)
    at removeResolutionsOfFileFromCache (/opt/visual-studio-code/resources/app/extensions/node_modules/typescript/lib/typescript.js:130889:19)
    at Object.removeResolutionsOfFile (/opt/visual-studio-code/resources/app/extensions/node_modules/typescript/lib/typescript.js:130908:5)
    at InferredProject2.removeFile (/opt/visual-studio-code/resources/app/extensions/node_modules/typescript/lib/typescript.js:184059:28)
    at _ProjectService.closeOpenFile (/opt/visual-studio-code/resources/app/extensions/node_modules/typescript/lib/typescript.js:186865:11)
    at _ProjectService.closeClientFile (/opt/visual-studio-code/resources/app/extensions/node_modules/typescript/lib/typescript.js:188721:32)
    at _ProjectService.applyChangesInOpenFiles (/opt/visual-studio-code/resources/app/extensions/node_modules/typescript/lib/typescript.js:188772:57)
    at updateOpen (/opt/visual-studio-code/resources/app/extensions/node_modules/typescript/lib/typescript.js:189983:29)
    at /opt/visual-studio-code/resources/app/extensions/node_modules/typescript/lib/typescript.js:192651:15
    at IpcIOSession.executeWithRequestId (/opt/visual-studio-code/resources/app/extensions/node_modules/typescript/lib/typescript.js:192640:14)
    at IpcIOSession.executeCommand (/opt/visual-studio-code/resources/app/extensions/node_modules/typescript/lib/typescript.js:192649:29)
    at IpcIOSession.onMessage (/opt/visual-studio-code/resources/app/extensions/node_modules/typescript/lib/typescript.js:192697:68)
    at process.<anonymous> (/opt/visual-studio-code/resources/app/extensions/node_modules/typescript/lib/tsserver.js:525:14)
    at process.emit (node:events:519:28)
    at emit (node:internal/child_process:951:14)
    at process.processTicksAndRejections (node:internal/process/task_queues:83:21)
2024-11-10 18:25:59.057 [error] Unknown (FileSystemError): Failed to move 'metro.config.js' to the trash (Failed to move item to trash)
    at b6.create (file:///opt/visual-studio-code/resources/app/out/main.js:38:28832)
    at Vi (file:///opt/visual-studio-code/resources/app/out/main.js:38:26126)
    at Uy.y (file:///opt/visual-studio-code/resources/app/out/main.js:49:26885)
2024-11-10 18:25:59.095 [error] Failed to move 'metro.config.js' to the trash (Failed to move item to trash): Unknown (FileSystemError): Failed to move 'metro.config.js' to the trash (Failed to move item to trash)
    at b6.create (file:///opt/visual-studio-code/resources/app/out/main.js:38:28832)
    at Vi (file:///opt/visual-studio-code/resources/app/out/main.js:38:26126)
    at Uy.y (file:///opt/visual-studio-code/resources/app/out/main.js:49:26885)
