2024-11-11 18:48:55.027 [info] Revived process, old id fb4d7249961292970917ffa9eb8aa31f-1 -> new id 1
2024-11-11 18:48:55.027 [info] Revived process, old id fb4d7249961292970917ffa9eb8aa31f-2 -> new id 2
2024-11-11 18:48:55.027 [info] Revived process, old id fb4d7249961292970917ffa9eb8aa31f-3 -> new id 3
2024-11-11 18:48:55.027 [info] Revived process, old id fb4d7249961292970917ffa9eb8aa31f-4 -> new id 4
2024-11-11 18:48:55.621 [info] Expanding terminal instance, old id fb4d7249961292970917ffa9eb8aa31f-1 -> new id 1
2024-11-11 18:48:55.622 [info] Expanding terminal instance, old id fb4d7249961292970917ffa9eb8aa31f-2 -> new id 2
2024-11-11 18:48:55.622 [info] Expanding terminal instance, old id fb4d7249961292970917ffa9eb8aa31f-3 -> new id 3
2024-11-11 18:48:55.622 [info] Expanding terminal instance, old id fb4d7249961292970917ffa9eb8aa31f-4 -> new id 4
2024-11-11 18:48:56.301 [warning] Persistent process "1": Process had no disconnect runners but was an orphan
2024-11-11 18:48:56.301 [info] Persistent process reconnection "1"
2024-11-11 18:48:56.304 [warning] Persistent process "2": Process had no disconnect runners but was an orphan
2024-11-11 18:48:56.307 [info] Persistent process reconnection "2"
2024-11-11 18:48:56.307 [warning] Persistent process "3": Process had no disconnect runners but was an orphan
2024-11-11 18:48:56.307 [info] Persistent process reconnection "3"
2024-11-11 18:48:56.308 [warning] Persistent process "4": Process had no disconnect runners but was an orphan
2024-11-11 18:48:56.308 [info] Persistent process reconnection "4"
2024-11-11 18:48:56.667 [info] Persistent process "2": Replaying 2932 chars and 1 size events
2024-11-11 18:48:56.671 [info] Persistent process "1": Replaying 5898 chars and 1 size events
2024-11-11 18:48:56.677 [info] Persistent process "3": Replaying 7596 chars and 1 size events
2024-11-11 18:48:56.699 [info] Persistent process "4": Replaying 3046 chars and 1 size events
