2024-11-10 18:40:10.123 [info] [main] Log level: Info
2024-11-10 18:40:10.123 [info] [main] Validating found git in: "git"
2024-11-10 18:40:10.123 [info] [main] Using git "2.47.0" from "git"
2024-11-10 18:40:10.123 [info] [Model][doInitialScan] Initial repository scan started
2024-11-10 18:40:10.123 [info] > git rev-parse --show-toplevel [5ms]
2024-11-10 18:40:10.123 [info] fatal: not a git repository (or any parent up to mount point /mnt)
Stopping at filesystem boundary (GIT_DISCOVERY_ACROSS_FILESYSTEM not set).
2024-11-10 18:40:10.123 [info] [Model][doInitialScan] Initial repository scan completed - repositories (0), closed repositories (0), parent repositories (0), unsafe repositories (0)
2024-11-10 18:40:10.123 [info] > git rev-parse --show-toplevel [15ms]
2024-11-10 18:40:10.123 [info] fatal: not a git repository (or any parent up to mount point /mnt)
Stopping at filesystem boundary (GIT_DISCOVERY_ACROSS_FILESYSTEM not set).
2024-11-10 18:40:11.748 [info] > git rev-parse --show-toplevel [6ms]
2024-11-10 18:40:11.748 [info] fatal: not a git repository (or any parent up to mount point /mnt)
Stopping at filesystem boundary (GIT_DISCOVERY_ACROSS_FILESYSTEM not set).
2024-11-10 18:40:11.809 [info] > git rev-parse --show-toplevel [28ms]
2024-11-10 18:40:11.809 [info] fatal: not a git repository (or any parent up to mount point /mnt)
Stopping at filesystem boundary (GIT_DISCOVERY_ACROSS_FILESYSTEM not set).
2024-11-10 18:40:11.824 [info] > git rev-parse --show-toplevel [3ms]
2024-11-10 18:40:11.824 [info] fatal: not a git repository (or any parent up to mount point /mnt)
Stopping at filesystem boundary (GIT_DISCOVERY_ACROSS_FILESYSTEM not set).
2024-11-10 18:40:15.049 [info] > git rev-parse --show-toplevel [2ms]
2024-11-10 18:40:15.049 [info] fatal: not a git repository (or any parent up to mount point /mnt)
Stopping at filesystem boundary (GIT_DISCOVERY_ACROSS_FILESYSTEM not set).
