[86430][1730726300204][main][info]["Booting Postman 11.18.0, linux-6.11.6-arch1-1 on x64"]
[86430][1730726300210][main][info]["EventBus~initialize - Success"]
[86430][1730726300216][main][info]["Proxy configuration has not been setup"]
[86430][1730726300218][main][info]["CloudProxyManager~init - Success"]
[86430][1730726300305][main][info]["performShellDataMigration: Starting shell data migration"]
[86430][1730726300306][main][info]["migrateShellData:Starting"]
[86430][1730726300319][main][info]["migrateShellData: Old storage cleaned up"]
[86430][1730726300595][main][info]["migrateShellData: Got data from shell. Writing to storage"]
[86430][1730726300602][main][info]["performShellDataMigration: Migration successful on try count 1"]
[86430][1730726300614][main][info]["UpdateHandler~init - Success"]
[86430][1730726300616][main][info]["LeaderSelection: Initialized successfully"]
[86430][1730726300618][main][info]["VersionDependencyService: Initialized successfully"]
[86430][1730726300630][main][info]["LinuxAutoUpdater~Cleanup - Initial cleanup successful"]
[86430][1730726300643][main][info]["shellController~init: Success"]
[86430][1730726300644][main][info]["shellMeta~init: Success"]
[86430][1730726300644][main][info]["partitionMigrationService: State of V7 partition:"]
[86430][1730726300645][main][info]["partitionMigrationService: V7 partitions",[]]
[86430][1730726300645][main][info]["partitionMigrationService~rectifyNamespaceOfScratchPadPartition: There is no partition with scratchpad namespace"]
[86430][1730726300645][main][info]["partitionMigrationService~rectifyNamespaceOfScratchPadPartition: There is no transit partition which could have been used for scratchpad"]
[86430][1730726300646][main][info]["partitionMigrationService~init: Success"]
[86430][1730726300646][main][info]["partitionMigrationService~runV8PartitionsIntegrity: Two way migration~ removing the following partitions from v8",[]]
[86430][1730726300647][main][info]["userPartitionService~_rectifyTheActivePartitionOfApplication: Setting the active partition to ",null]
[86430][1730726300665][main][info]["Generated root certificate for linux"]
[86430][1730726300694][main][info]["userPartitionService~init: Success"]
[86430][1730726300711][main][info]["GPU detected VID 32902 DID 22806 ACTIVE true"]
[86430][1730726300714][main][info]["newAccountRegionPreferenceService~getPreferenceWithFallback - Preference not found in storage."]
[86430][1730726300715][main][info]["newAccountRegionPreferenceService~getToggleMenuTemplate - Using preference:","useUSRegion"]
[86430][1730726300729][main][info]["userPartitionService: State of v8 partition system:"]
[86430][1730726300729][main][info]["shell~init~getPartitionToLoad: loading scratchpad partition"]
[86430][1730726300730][main][info]["userPartitionService: List of partitions:",[]]
[86430][1730726300730][main][info]["userPartitionService: users global meta:",{}]
[86430][1730726300747][main][info]["Main:windowManager~newRequesterWindow: Fetch and update runtime config: undefined"]
[86430][1730726300997][main][info]["proxyCertificateService~ensureRootCAPresence: Deleting and creating new certificates"]
[86430][1730726304879][main][info]["RuntimeIPCAgent~started: Success"]
[86430][1730726304907][main][info]["Main~scratchpadThemeAction:: action: set, value: dark"]
[86430][1730726304912][main][info]["Main~scratchpadThemeAction:: action: set, value: dark"]
[86430][1730726304929][main][info]["Main~scratchpadThemeAction:: action: set, value: dark"]
[86430][1730726304953][main][info]["UpdateHandler~app-update-events - Received event",{"name":"checkForElectronVersionUpdated","namespace":"appUpdate"}]
[86430][1730726304965][main][info]["windowManager: First requester booted successfully."]
[86430][1730726304966][main][info]["windowManager~restoreWindows: Restoring requester windows"]
[86430][1730726304967][main][info]["Main~AppEvents - Received booted event for process requester.Version undefined UI Version: undefined Desktop Platform Version: 11.18.0"]
[86430][1730726307095][main][info]["Quitting app"]
[86430][1730726307258][main][error]["Render process for scratchpad webview crashed",{}]
[89925][1730726484216][main][info]["Booting Postman 11.18.0, linux-6.11.6-arch1-1 on x64"]
[89925][1730726484222][main][info]["EventBus~initialize - Success"]
[89925][1730726484229][main][info]["Proxy configuration has not been setup"]
[89925][1730726484230][main][info]["CloudProxyManager~init - Success"]
[89925][1730726484313][main][info]["performShellDataMigration: Migration has already been done. Bailing out"]
[89925][1730726484324][main][info]["UpdateHandler~init - Success"]
[89925][1730726484325][main][info]["LeaderSelection: Initialized successfully"]
[89925][1730726484326][main][info]["VersionDependencyService: Initialized successfully"]
[89925][1730726484330][main][info]["LinuxAutoUpdater~Cleanup - Initial cleanup successful"]
[89925][1730726484337][main][info]["shellController~init: Success"]
[89925][1730726484338][main][info]["shellMeta~init: Success"]
[89925][1730726484338][main][info]["partitionMigrationService: State of V7 partition:"]
[89925][1730726484338][main][info]["partitionMigrationService: V7 partitions",[]]
[89925][1730726484339][main][info]["partitionMigrationService~rectifyNamespaceOfScratchPadPartition: There is no partition with scratchpad namespace"]
[89925][1730726484339][main][info]["partitionMigrationService~rectifyNamespaceOfScratchPadPartition: There is no transit partition which could have been used for scratchpad"]
[89925][1730726484339][main][info]["partitionMigrationService~init: Success"]
[89925][1730726484340][main][info]["partitionMigrationService~runV8PartitionsIntegrity: Two way migration~ removing the following partitions from v8",[]]
[89925][1730726484341][main][info]["userPartitionService~_rectifyTheActivePartitionOfApplication: Setting the active partition to ",null]
[89925][1730726484363][main][info]["GPU detected VID 32902 DID 22806 ACTIVE true"]
[89925][1730726484367][main][info]["userPartitionService~init: Success"]
[89925][1730726484374][main][info]["newAccountRegionPreferenceService~getPreferenceWithFallback - Preference not found in storage."]
[89925][1730726484374][main][info]["newAccountRegionPreferenceService~getToggleMenuTemplate - Using preference:","useUSRegion"]
[89925][1730726484389][main][info]["userPartitionService: State of v8 partition system:"]
[89925][1730726484389][main][info]["shell~init~getPartitionToLoad: loading scratchpad partition"]
[89925][1730726484389][main][info]["userPartitionService: List of partitions:",[{"partitionId":"b9d2bd75-72dd-4ea0-90f8-57928025406e","namespace":"scratchPad","userId":0,"teamId":0,"isDirty":false}]]
[89925][1730726484390][main][info]["userPartitionService: users global meta:",{}]
[89925][1730726484390][main][info]["Main:windowManager~newRequesterWindow: Fetch and update runtime config: undefined"]
[89925][1730726489239][main][info]["RuntimeIPCAgent~started: Success"]
[89925][1730726489266][main][info]["Main~scratchpadThemeAction:: action: set, value: dark"]
[89925][1730726489270][main][info]["Main~scratchpadThemeAction:: action: set, value: dark"]
[89925][1730726489293][main][info]["Main~scratchpadThemeAction:: action: set, value: dark"]
[89925][1730726489308][main][info]["UpdateHandler~app-update-events - Received event",{"name":"checkForElectronVersionUpdated","namespace":"appUpdate"}]
[89925][1730726489321][main][info]["windowManager: First requester booted successfully."]
[89925][1730726489321][main][info]["windowManager~restoreWindows: Restoring requester windows"]
[89925][1730726489322][main][info]["Main~AppEvents - Received booted event for process requester.Version undefined UI Version: undefined Desktop Platform Version: 11.18.0"]
[89925][1730726492586][main][info]["VersionDependencyService: Resetting UI version as user logged out/switched account"]
[89925][1730726492587][main][info]["Main - model-events~user - (users, add) received"]
[89925][1730726493183][main][info]["AuthHandler~open: Received dom-ready event."]
[89925][1730726493188][main][info]["AuthHandler~open: Received did-finish-load event."]
[89925][1730726493426][main][warn]["AuthHandler~open: Current app is not default protocol client - Falling back to polling mechanism."]
[89925][1730726493431][main][info]["newAccountRegionPreferenceService~getPreferenceWithFallback - Preference not found in storage."]
[89925][1730726493431][main][info]["newAccountRegionPreferenceService~getRegionPreference - Using preference:","useUSRegion"]
[89925][1730726493432][main][info]["AuthHandler~open: new Account region preference:","us"]
[89925][1730726493432][main][info]["AuthHandler~open: get multiLoginToken token."]
[89925][1730726493433][main][info]["AuthHandler~open: Publishing initialize event to auth-window channel."]
[89925][1730726524605][main][info]["Shell~init~loginUser: associating the user ","36001612"," with transit partition"]
[89925][1730726524607][main][info]["userPartitionService~getNewPartitionId: creating a partition with userId and teamId as 0"]
[89925][1730726524666][main][info]["userPartitionService~associateTransitPartition: ",{"partitionId":"c92ff532-828d-4033-b8e4-5afb25ea6741","context":{"namespace":"users","userId":"36001612","teamId":"0","region":"us"}}]
[89925][1730726524696][main][info]["userPartitionService: State of v8 partition system:"]
[89925][1730726524697][main][info]["userPartitionService: List of partitions:",[{"partitionId":"c92ff532-828d-4033-b8e4-5afb25ea6741","namespace":"users","userId":"36001612","teamId":"0","lastUpdated":"2024-11-04T13:22:04.666Z"},{"partitionId":"b9d2bd75-72dd-4ea0-90f8-57928025406e","namespace":"scratchPad","userId":0,"teamId":0,"isDirty":false}]]
[89925][1730726524697][main][info]["userPartitionService: users global meta:",{}]
[89925][1730726524710][main][info]["Main:windowManager~newRequesterWindow: Fetch and update runtime config: us"]
[89925][1730726531699][main][info]["Main~getRemoteInitPath:: "]
[89925][1730726531842][main][info]["Main - model-events~user - (user, update) received"]
[89925][1730726531843][main][info]["Main~reload: https://desktop.postman.com/?desktopVersion=11.18.0&userId=36001612&teamId=0&region=us"]
[89925][1730726536603][main][info]["Main~getRemoteInitPath:: "]
[89925][1730726536961][main][info]["Main - model-events~user - (user, update) received"]
[89925][1730726537983][main][info]["Main - model-events~user - (user, bootstrapUser) received"]
[89925][1730726537984][main][info]["model-events~user - bootstrapUser received"]
[89925][1730726538083][main][info]["UpdateHandler~app-update-events - Received event",{"name":"checkForElectronVersionUpdated","namespace":"appUpdate"}]
[89925][1730726538103][main][info]["INTERCEPTOR CONNECTIVITY: Connecting to Interceptor Bridge"]
[89925][1730726538151][main][info]["windowManager: First requester booted successfully."]
[89925][1730726538152][main][info]["windowManager~restoreWindows: Restoring requester windows"]
[89925][1730726538152][main][info]["Main~AppEvents - Received booted event for process requester.Version 11.18.2 UI Version: 11.18.2-ui-241030-0928 Desktop Platform Version: 11.18.0"]
[89925][1730726538567][main][info]["Main~getRemoteInitPath:: "]
[89925][1730726540042][main][info]["INTERCEPTOR CONNECTIVITY: Attempting to start websocket server on port 15611"]
[89925][1730726541301][main][info]["Main~getPlatformLaunchPerfMetrics"]
[89925][1730726541667][main][info]["Main - model-events~user - (user, bootstrapUser) received"]
[89925][1730726541668][main][info]["model-events~user - bootstrapUser received"]
[89925][1730726544775][main][error]["Error while retrieving user key from keychain",{"name":"Error","message":"The name is not activatable","stack":"Error: The name is not activatable"}]
[89925][1730727076937][main][info]["WindowManager~closeHandler - Closed Window (id: 3 )"]
[89925][1730727077099][main][info]["Quitting app"]
[101341][1730727552415][main][info]["Booting Postman 11.18.0, linux-6.11.6-arch1-1 on x64"]
[101341][1730727552421][main][info]["EventBus~initialize - Success"]
[101341][1730727552429][main][info]["Proxy configuration has not been setup"]
[101341][1730727552430][main][info]["CloudProxyManager~init - Success"]
[101341][1730727552516][main][info]["performShellDataMigration: Migration has already been done. Bailing out"]
[101341][1730727552527][main][info]["UpdateHandler~init - Success"]
[101341][1730727552528][main][info]["LeaderSelection: Initialized successfully"]
[101341][1730727552530][main][info]["VersionDependencyService: Initialized successfully"]
[101341][1730727552533][main][info]["LinuxAutoUpdater~Cleanup - Initial cleanup successful"]
[101341][1730727552541][main][info]["shellController~init: Success"]
[101341][1730727552542][main][info]["shellMeta~init: Success"]
[101341][1730727552542][main][info]["partitionMigrationService: State of V7 partition:"]
[101341][1730727552542][main][info]["partitionMigrationService: V7 partitions",[]]
[101341][1730727552543][main][info]["partitionMigrationService~rectifyNamespaceOfScratchPadPartition: There is no partition with scratchpad namespace"]
[101341][1730727552543][main][info]["partitionMigrationService~rectifyNamespaceOfScratchPadPartition: There is no transit partition which could have been used for scratchpad"]
[101341][1730727552544][main][info]["partitionMigrationService~init: Success"]
[101341][1730727552545][main][info]["partitionMigrationService~runV8PartitionsIntegrity: Two way migration~ removing the following partitions from v8",[]]
[101341][1730727552546][main][info]["userPartitionService~getRecentV8UserPartition: recent v8 user context partition ","c92ff532-828d-4033-b8e4-5afb25ea6741"]
[101341][1730727552546][main][info]["userPartitionService~_rectifyTheActivePartitionOfApplication: Setting the active partition to ","c92ff532-828d-4033-b8e4-5afb25ea6741"]
[101341][1730727552565][main][info]["GPU detected VID 32902 DID 22806 ACTIVE true"]
[101341][1730727552568][main][info]["newAccountRegionPreferenceService~getPreferenceWithFallback - Preference not found in storage."]
[101341][1730727552568][main][info]["newAccountRegionPreferenceService~getToggleMenuTemplate - Using preference:","useUSRegion"]
[101341][1730727552576][main][info]["userPartitionService~init: Success"]
[101341][1730727552595][main][info]["userPartitionService: State of v8 partition system:"]
[101341][1730727552595][main][info]["shell~init~getPartitionToLoad: loading active partition"]
[101341][1730727552596][main][info]["userPartitionService: List of partitions:",[{"partitionId":"c92ff532-828d-4033-b8e4-5afb25ea6741","namespace":"users","userId":"36001612","teamId":"0","lastUpdated":"2024-11-04T13:22:04.666Z"},{"partitionId":"b9d2bd75-72dd-4ea0-90f8-57928025406e","namespace":"scratchPad","userId":0,"teamId":0,"isDirty":false}]]
[101341][1730727552596][main][info]["userPartitionService: users global meta:",{}]
[101341][1730727552596][main][info]["Main:windowManager~newRequesterWindow: Fetch and update runtime config: us"]
[101341][1730727554772][main][info]["Main~getRemoteInitPath:: "]
[101341][1730727554926][main][info]["UpdateHandler~app-update-events - Received event",{"name":"checkForElectronVersionUpdated","namespace":"appUpdate"}]
[101341][1730727554934][main][info]["INTERCEPTOR CONNECTIVITY: Connecting to Interceptor Bridge"]
[101341][1730727554965][main][info]["windowManager: First requester booted successfully."]
[101341][1730727554966][main][info]["windowManager~restoreWindows: Restoring requester windows"]
[101341][1730727554967][main][info]["Main~AppEvents - Received booted event for process requester.Version 11.18.2 UI Version: 11.18.2-ui-241030-0928 Desktop Platform Version: 11.18.0"]
[101341][1730727555166][main][info]["Main~getRemoteInitPath:: "]
[101341][1730727555630][main][info]["INTERCEPTOR CONNECTIVITY: Attempting to start websocket server on port 15611"]
[101341][1730727555665][main][info]["Main~getPlatformLaunchPerfMetrics"]
[101341][1730727557416][main][info]["Main - model-events~user - (user, bootstrapUser) received"]
[101341][1730727557417][main][info]["model-events~user - bootstrapUser received"]
[101341][1730727560345][main][info]["RuntimeIPCAgent~started: Success"]
[101341][1730727561132][main][error]["Error while retrieving user key from keychain",{"name":"Error","message":"The name is not activatable","stack":"Error: The name is not activatable"}]
[110117][1730728270382][main][info]["Booting Postman 11.18.0, linux-6.11.6-arch1-1 on x64"]
[110117][1730728270393][main][info]["EventBus~initialize - Success"]
[110117][1730728270400][main][info]["Proxy configuration has not been setup"]
[110117][1730728270403][main][info]["CloudProxyManager~init - Success"]
[110117][1730728270533][main][info]["performShellDataMigration: Migration has already been done. Bailing out"]
[110117][1730728270553][main][info]["UpdateHandler~init - Success"]
[110117][1730728270554][main][info]["LeaderSelection: Initialized successfully"]
[110117][1730728270556][main][info]["VersionDependencyService: Initialized successfully"]
[110117][1730728270566][main][info]["LinuxAutoUpdater~Cleanup - Initial cleanup successful"]
[101341][1730728354313][main][info]["WindowManager~closeHandler - Closed Window (id: 1 )"]
[101341][1730728354428][main][info]["Quitting app"]
[4519][1730731970754][main][info]["Booting Postman 11.18.0, linux-6.11.6-arch1-1 on x64"]
[4519][1730731970774][main][info]["EventBus~initialize - Success"]
[4519][1730731970805][main][info]["Proxy configuration has not been setup"]
[4519][1730731970808][main][info]["CloudProxyManager~init - Success"]
[4519][1730731970952][main][info]["performShellDataMigration: Migration has already been done. Bailing out"]
[4519][1730731970970][main][info]["UpdateHandler~init - Success"]
[4519][1730731970971][main][info]["LeaderSelection: Initialized successfully"]
[4519][1730731970973][main][info]["VersionDependencyService: Initialized successfully"]
[4519][1730731970978][main][info]["LinuxAutoUpdater~Cleanup - Initial cleanup successful"]
[4519][1730731970991][main][info]["shellController~init: Success"]
[4519][1730731970992][main][info]["shellMeta~init: Success"]
[4519][1730731970992][main][info]["partitionMigrationService: State of V7 partition:"]
[4519][1730731970993][main][info]["partitionMigrationService: V7 partitions",[]]
[4519][1730731970993][main][info]["partitionMigrationService~rectifyNamespaceOfScratchPadPartition: There is no partition with scratchpad namespace"]
[4519][1730731970993][main][info]["partitionMigrationService~rectifyNamespaceOfScratchPadPartition: There is no transit partition which could have been used for scratchpad"]
[4519][1730731970994][main][info]["partitionMigrationService~init: Success"]
[4519][1730731970995][main][info]["partitionMigrationService~runV8PartitionsIntegrity: Two way migration~ removing the following partitions from v8",[]]
[4519][1730731970996][main][info]["userPartitionService~getRecentV8UserPartition: recent v8 user context partition ","c92ff532-828d-4033-b8e4-5afb25ea6741"]
[4519][1730731970997][main][info]["userPartitionService~_rectifyTheActivePartitionOfApplication: Setting the active partition to ","c92ff532-828d-4033-b8e4-5afb25ea6741"]
[4519][1730731971030][main][info]["GPU detected VID 32902 DID 22806 ACTIVE true"]
[4519][1730731971035][main][info]["userPartitionService~init: Success"]
[4519][1730731971046][main][info]["newAccountRegionPreferenceService~getPreferenceWithFallback - Preference not found in storage."]
[4519][1730731971047][main][info]["newAccountRegionPreferenceService~getToggleMenuTemplate - Using preference:","useUSRegion"]
[4519][1730731971066][main][info]["userPartitionService: State of v8 partition system:"]
[4519][1730731971066][main][info]["shell~init~getPartitionToLoad: loading active partition"]
[4519][1730731971067][main][info]["userPartitionService: List of partitions:",[{"partitionId":"c92ff532-828d-4033-b8e4-5afb25ea6741","namespace":"users","userId":"36001612","teamId":"0","lastUpdated":"2024-11-04T13:22:04.666Z"},{"partitionId":"b9d2bd75-72dd-4ea0-90f8-57928025406e","namespace":"scratchPad","userId":0,"teamId":0,"isDirty":false}]]
[4519][1730731971067][main][info]["userPartitionService: users global meta:",{}]
[4519][1730731971068][main][info]["Main:windowManager~newRequesterWindow: Fetch and update runtime config: us"]
[4519][1730731974436][main][info]["Main~getRemoteInitPath:: "]
[4519][1730731974633][main][info]["UpdateHandler~app-update-events - Received event",{"name":"checkForElectronVersionUpdated","namespace":"appUpdate"}]
[4519][1730731974643][main][info]["INTERCEPTOR CONNECTIVITY: Connecting to Interceptor Bridge"]
[4519][1730731974677][main][info]["windowManager: First requester booted successfully."]
[4519][1730731974678][main][info]["windowManager~restoreWindows: Restoring requester windows"]
[4519][1730731974678][main][info]["Main~AppEvents - Received booted event for process requester.Version 11.18.2 UI Version: 11.18.2-ui-241030-0928 Desktop Platform Version: 11.18.0"]
[4519][1730731974967][main][info]["Main~getRemoteInitPath:: "]
[4519][1730731975637][main][info]["Main~getPlatformLaunchPerfMetrics"]
[4519][1730731976186][main][info]["INTERCEPTOR CONNECTIVITY: Attempting to start websocket server on port 15611"]
[4519][1730731977994][main][info]["Main - model-events~user - (user, bootstrapUser) received"]
[4519][1730731977995][main][info]["model-events~user - bootstrapUser received"]
[4519][1730731984389][main][info]["RuntimeIPCAgent~started: Success"]
[4519][1730731985180][main][error]["Error while retrieving user key from keychain",{"name":"Error","message":"The name is not activatable","stack":"Error: The name is not activatable"}]
[4519][1730732307563][main][info]["ProtocolHandler~handleOpenUrl: postman://app/collections/import/16802678-1a4c9270-ac77-40ed-959a-7aa56dc4a415-2s9YkgD5jm?referrer=https%3A%2F%2Fdocumenter.getpostman.com%2Fview%2F16802678%2F2s9YkgD5jm"]
[4519][1730732366387][main][info]["ProtocolHandler~handleOpenUrl: postman://app/collections/import/16802678-1a4c9270-ac77-40ed-959a-7aa56dc4a415-2s9YkgD5jm?referrer=https%3A%2F%2Fdocumenter.getpostman.com%2Fview%2F16802678%2F2s9YkgD5jm"]
[9079][1730732367161][main][info]["Booting Postman 11.18.0, linux-6.11.6-arch1-1 on x64"]
[9079][1730732367170][main][info]["EventBus~initialize - Success"]
[9079][1730732367176][main][info]["Proxy configuration has not been setup"]
[9079][1730732367178][main][info]["CloudProxyManager~init - Success"]
[9079][1730732367307][main][info]["performShellDataMigration: Migration has already been done. Bailing out"]
[9079][1730732367320][main][info]["UpdateHandler~init - Success"]
[9079][1730732367321][main][info]["LeaderSelection: Initialized successfully"]
[9079][1730732367324][main][info]["VersionDependencyService: Initialized successfully"]
[9079][1730732367329][main][info]["LinuxAutoUpdater~Cleanup - Initial cleanup successful"]
[4519][1730732900237][main][info]["WindowManager~closeHandler - Closed Window (id: 1 )"]
[4519][1730732900476][main][info]["Quitting app"]
[3811][1731130739302][main][info]["Booting Postman 11.18.0, linux-6.11.6-arch1-1 on x64"]
[3811][1731130739309][main][info]["EventBus~initialize - Success"]
[3811][1731130739317][main][info]["Proxy configuration has not been setup"]
[3811][1731130739319][main][info]["CloudProxyManager~init - Success"]
[3811][1731130739399][main][info]["performShellDataMigration: Migration has already been done. Bailing out"]
[3811][1731130739412][main][info]["UpdateHandler~init - Success"]
[3811][1731130739413][main][info]["LeaderSelection: Initialized successfully"]
[3811][1731130739414][main][info]["VersionDependencyService: Initialized successfully"]
[3811][1731130739419][main][info]["LinuxAutoUpdater~Cleanup - Initial cleanup successful"]
[3811][1731130739428][main][info]["shellController~init: Success"]
[3811][1731130739428][main][info]["shellMeta~init: Success"]
[3811][1731130739428][main][info]["partitionMigrationService: State of V7 partition:"]
[3811][1731130739429][main][info]["partitionMigrationService: V7 partitions",[]]
[3811][1731130739429][main][info]["partitionMigrationService~rectifyNamespaceOfScratchPadPartition: There is no partition with scratchpad namespace"]
[3811][1731130739429][main][info]["partitionMigrationService~rectifyNamespaceOfScratchPadPartition: There is no transit partition which could have been used for scratchpad"]
[3811][1731130739429][main][info]["partitionMigrationService~init: Success"]
[3811][1731130739430][main][info]["partitionMigrationService~runV8PartitionsIntegrity: Two way migration~ removing the following partitions from v8",[]]
[3811][1731130739431][main][info]["userPartitionService~getRecentV8UserPartition: recent v8 user context partition ","c92ff532-828d-4033-b8e4-5afb25ea6741"]
[3811][1731130739431][main][info]["userPartitionService~_rectifyTheActivePartitionOfApplication: Setting the active partition to ","c92ff532-828d-4033-b8e4-5afb25ea6741"]
[3811][1731130739451][main][info]["GPU detected VID 32902 DID 22806 ACTIVE true"]
[3811][1731130739455][main][info]["userPartitionService~init: Success"]
[3811][1731130739461][main][info]["newAccountRegionPreferenceService~getPreferenceWithFallback - Preference not found in storage."]
[3811][1731130739462][main][info]["newAccountRegionPreferenceService~getToggleMenuTemplate - Using preference:","useUSRegion"]
[3811][1731130739478][main][info]["userPartitionService: State of v8 partition system:"]
[3811][1731130739479][main][info]["shell~init~getPartitionToLoad: loading active partition"]
[3811][1731130739479][main][info]["userPartitionService: List of partitions:",[{"partitionId":"c92ff532-828d-4033-b8e4-5afb25ea6741","namespace":"users","userId":"36001612","teamId":"0","lastUpdated":"2024-11-04T13:22:04.666Z"},{"partitionId":"b9d2bd75-72dd-4ea0-90f8-57928025406e","namespace":"scratchPad","userId":0,"teamId":0,"isDirty":false}]]
[3811][1731130739479][main][info]["userPartitionService: users global meta:",{}]
[3811][1731130739479][main][info]["Main:windowManager~newRequesterWindow: Fetch and update runtime config: us"]
[3811][1731130741565][main][info]["Main~getRemoteInitPath:: "]
[3811][1731130741708][main][info]["UpdateHandler~app-update-events - Received event",{"name":"checkForElectronVersionUpdated","namespace":"appUpdate"}]
[3811][1731130741715][main][info]["INTERCEPTOR CONNECTIVITY: Connecting to Interceptor Bridge"]
[3811][1731130741737][main][info]["windowManager: First requester booted successfully."]
[3811][1731130741737][main][info]["windowManager~restoreWindows: Restoring requester windows"]
[3811][1731130741738][main][info]["Main~AppEvents - Received booted event for process requester.Version 11.18.2 UI Version: 11.18.2-ui-241030-0928 Desktop Platform Version: 11.18.0"]
[3811][1731130741885][main][info]["Main~getRemoteInitPath:: "]
[3811][1731130742109][main][info]["Main~getPlatformLaunchPerfMetrics"]
[3811][1731130747104][main][info]["INTERCEPTOR CONNECTIVITY: Attempting to start websocket server on port 15611"]
[3811][1731130748380][main][info]["Main - model-events~user - (user, bootstrapUser) received"]
[3811][1731130748381][main][info]["model-events~user - bootstrapUser received"]
[3811][1731130767799][main][info]["RuntimeIPCAgent~started: Success"]
[3811][1731130772016][main][error]["Error while retrieving user key from keychain",{"name":"Error","message":"The name is not activatable","stack":"Error: The name is not activatable"}]
[3811][1731130774225][main][info]["UpdateHandler~app-update-events - Received event",{"name":"updateElectron","namespace":"appUpdate","data":{"channel":"stable","version":"11.18.0","downloadVersion":"11.19.0","appId":"8c6e1e41-68a1-448f-9137-9b4e9529bf15","userAgent":"Mozilla/5.0 (X11; Linux x86_64) AppleWebKit/537.36 (KHTML, like Gecko) Postman/11.18.0 Electron/28.3.1 Safari/537.36","platform":"LINUX","arch":"64","downloadURL":"https://dl.pstmn.io/download/version/11.19.0/linux_64","updateServerDomain":"https://dl.pstmn.io/","additionalParamsString":"installationId=8c6e1e41-68a1-448f-9137-9b4e9529bf15&userId=36001612&syncEnabled=true&teamPlan=&teamId=0","userId":"36001612"}}]
[3811][1731130774226][main][info]["LinuxUpdater~downloadUpdate - UpdateInfo received",{"channel":"stable","version":"11.18.0","downloadVersion":"11.19.0","appId":"8c6e1e41-68a1-448f-9137-9b4e9529bf15","userAgent":"Mozilla/5.0 (X11; Linux x86_64) AppleWebKit/537.36 (KHTML, like Gecko) Postman/11.18.0 Electron/28.3.1 Safari/537.36","platform":"LINUX","arch":"64","downloadURL":"https://dl.pstmn.io/download/version/11.19.0/linux_64","updateServerDomain":"https://dl.pstmn.io/","additionalParamsString":"installationId=8c6e1e41-68a1-448f-9137-9b4e9529bf15&userId=36001612&syncEnabled=true&teamPlan=&teamId=0","userId":"36001612"}]
[3811][1731130777231][main][info]["@postman/app-updater: error",{"errno":-13,"code":"EACCES","syscall":"open","path":"/opt/postman/Postman-1731130774226.tar.gz","name":"Error","message":"EACCES: permission denied, open '/opt/postman/Postman-1731130774226.tar.gz'","stack":"Error: EACCES: permission denied, open '/opt/postman/Postman-1731130774226.tar.gz'"},{"packageName":"Postman","eID":"Postman-1731130774226","downloadURL":"https://dl.pstmn.io/download/version/11.19.0/linux_64","downloadDirectory":"/opt/postman","downloadInfo":{"status":"DOWNLOAD_ERROR","error":{"errno":-13,"code":"EACCES","syscall":"open","path":"/opt/postman/Postman-1731130774226.tar.gz"},"downloadDirectory":"/opt/postman"}}]
[3811][1731130777233][main][info]["UpdateHandler~app-update-events - Received event",{"name":"electronAppUpdateError","namespace":"appUpdate","data":{"error":{"errno":-13,"code":"EACCES","syscall":"open","path":"/opt/postman/Postman-1731130774226.tar.gz","name":"Error","message":"EACCES: permission denied, open '/opt/postman/Postman-1731130774226.tar.gz'","stack":"Error: EACCES: permission denied, open '/opt/postman/Postman-1731130774226.tar.gz'"},"updateData":{"packageName":"Postman","eID":"Postman-1731130774226","downloadURL":"https://dl.pstmn.io/download/version/11.19.0/linux_64","downloadDirectory":"/opt/postman","downloadInfo":{"status":"DOWNLOAD_ERROR","error":{"errno":-13,"code":"EACCES","syscall":"open","path":"/opt/postman/Postman-1731130774226.tar.gz"},"downloadDirectory":"/opt/postman"}}}}]
[3811][1731131685543][main][info]["Quitting app"]
