2024-11-10 18:41:42.956 [info] Started local extension host with pid 74659.
2024-11-10 18:41:45.127 [error] [hollowtree.vue-snippets]: Unknown language in `contributes.vue-snippets.language`. Provided value: vue-html
2024-11-10 18:41:45.127 [error] [sdras.vue-vscode-snippets]: Unknown language in `contributes.vue-vscode-snippets.language`. Provided value: vue-html
2024-11-10 18:41:45.757 [info] [perf] Render performance baseline is 64ms
2024-11-10 18:58:01.276 [error] Unknown (FileSystemError): Failed to move 'App.js' to the trash (Failed to move item to trash)
    at b6.create (file:///opt/visual-studio-code/resources/app/out/main.js:38:28832)
    at Vi (file:///opt/visual-studio-code/resources/app/out/main.js:38:26126)
    at Uy.y (file:///opt/visual-studio-code/resources/app/out/main.js:49:26885)
2024-11-10 18:58:01.291 [error] Failed to move 'App.js' to the trash (Failed to move item to trash): Unknown (FileSystemError): Failed to move 'App.js' to the trash (Failed to move item to trash)
    at b6.create (file:///opt/visual-studio-code/resources/app/out/main.js:38:28832)
    at Vi (file:///opt/visual-studio-code/resources/app/out/main.js:38:26126)
    at Uy.y (file:///opt/visual-studio-code/resources/app/out/main.js:49:26885)
2024-11-10 19:15:49.095 [error] Illegal value for `line`: Error: Illegal value for `line`
	at uM.t (file:///opt/visual-studio-code/resources/app/out/vs/workbench/api/node/extensionHostProcess.js:121:1005)
	at Object.lineAt (file:///opt/visual-studio-code/resources/app/out/vs/workbench/api/node/extensionHostProcess.js:121:72)
	at ki.<anonymous> (/home/zeus/.vscode/extensions/shenjiaolong.vue-helper-4.3.2/dist/client.js:7370:4224)
	at Generator.next (<anonymous>)
	at /home/zeus/.vscode/extensions/shenjiaolong.vue-helper-4.3.2/dist/client.js:7348:594
	at new Promise (<anonymous>)
	at Ki (/home/zeus/.vscode/extensions/shenjiaolong.vue-helper-4.3.2/dist/client.js:7348:391)
	at ki.definitionInFile (/home/zeus/.vscode/extensions/shenjiaolong.vue-helper-4.3.2/dist/client.js:7370:3966)
	at ki.<anonymous> (/home/zeus/.vscode/extensions/shenjiaolong.vue-helper-4.3.2/dist/client.js:7370:7661)
	at Generator.next (<anonymous>)
	at /home/zeus/.vscode/extensions/shenjiaolong.vue-helper-4.3.2/dist/client.js:7348:594
	at new Promise (<anonymous>)
	at Ki (/home/zeus/.vscode/extensions/shenjiaolong.vue-helper-4.3.2/dist/client.js:7348:391)
	at ki.provideDefinition (/home/zeus/.vscode/extensions/shenjiaolong.vue-helper-4.3.2/dist/client.js:7370:7352)
	at n$.provideDefinition (file:///opt/visual-studio-code/resources/app/out/vs/workbench/api/node/extensionHostProcess.js:137:127493)
	at file:///opt/visual-studio-code/resources/app/out/vs/workbench/api/node/extensionHostProcess.js:137:155711
	at qt.s (file:///opt/visual-studio-code/resources/app/out/vs/workbench/api/node/extensionHostProcess.js:137:154117)
	at qt.$provideDefinition (file:///opt/visual-studio-code/resources/app/out/vs/workbench/api/node/extensionHostProcess.js:137:155699)
	at py.S (file:///opt/visual-studio-code/resources/app/out/vs/workbench/api/node/extensionHostProcess.js:31:113311)
	at py.Q (file:///opt/visual-studio-code/resources/app/out/vs/workbench/api/node/extensionHostProcess.js:31:113091)
	at py.M (file:///opt/visual-studio-code/resources/app/out/vs/workbench/api/node/extensionHostProcess.js:31:112142)
	at py.L (file:///opt/visual-studio-code/resources/app/out/vs/workbench/api/node/extensionHostProcess.js:31:111285)
	at mh.value (file:///opt/visual-studio-code/resources/app/out/vs/workbench/api/node/extensionHostProcess.js:31:110082)
	at D.B (file:///opt/visual-studio-code/resources/app/out/vs/workbench/api/node/extensionHostProcess.js:29:746)
	at D.fire (file:///opt/visual-studio-code/resources/app/out/vs/workbench/api/node/extensionHostProcess.js:29:964)
	at Vn.fire (file:///opt/visual-studio-code/resources/app/out/vs/workbench/api/node/extensionHostProcess.js:31:9457)
	at mh.value (file:///opt/visual-studio-code/resources/app/out/vs/workbench/api/node/extensionHostProcess.js:174:13279)
	at D.B (file:///opt/visual-studio-code/resources/app/out/vs/workbench/api/node/extensionHostProcess.js:29:746)
	at D.fire (file:///opt/visual-studio-code/resources/app/out/vs/workbench/api/node/extensionHostProcess.js:29:964)
	at Vn.fire (file:///opt/visual-studio-code/resources/app/out/vs/workbench/api/node/extensionHostProcess.js:31:9457)
	at MessagePortMain.<anonymous> (file:///opt/visual-studio-code/resources/app/out/vs/workbench/api/node/extensionHostProcess.js:174:11571)
	at MessagePortMain.emit (node:events:519:28)
	at MessagePortMain._internalPort.emit (node:electron/js2c/utility_init:2:2949)
2024-11-10 19:19:23.434 [error] Unknown (FileSystemError): Failed to move 'tailwind.config.js' to the trash (Failed to move item to trash)
    at b6.create (file:///opt/visual-studio-code/resources/app/out/main.js:38:28832)
    at Vi (file:///opt/visual-studio-code/resources/app/out/main.js:38:26126)
    at Uy.y (file:///opt/visual-studio-code/resources/app/out/main.js:49:26885)
2024-11-10 19:19:23.447 [error] Failed to move 'tailwind.config.js' to the trash (Failed to move item to trash): Unknown (FileSystemError): Failed to move 'tailwind.config.js' to the trash (Failed to move item to trash)
    at b6.create (file:///opt/visual-studio-code/resources/app/out/main.js:38:28832)
    at Vi (file:///opt/visual-studio-code/resources/app/out/main.js:38:26126)
    at Uy.y (file:///opt/visual-studio-code/resources/app/out/main.js:49:26885)
2024-11-10 19:21:19.825 [error] [Extension Host] A non-recoverable error occurred while executing tsserver command: updateOpen
2024-11-10 19:21:19.827 [error] [Extension Host] Error processing request. Debug Failure.
Error: Debug Failure.
    at stopWatchFailedLookupLocationOfResolution (/opt/visual-studio-code/resources/app/extensions/node_modules/typescript/lib/typescript.js:130844:11)
    at /opt/visual-studio-code/resources/app/extensions/node_modules/typescript/lib/typescript.js:130890:25
    at /opt/visual-studio-code/resources/app/extensions/node_modules/typescript/lib/typescript.js:43862:16
    at Map.forEach (<anonymous>)
    at Object.forEach (/opt/visual-studio-code/resources/app/extensions/node_modules/typescript/lib/typescript.js:43860:25)
    at removeResolutionsOfFileFromCache (/opt/visual-studio-code/resources/app/extensions/node_modules/typescript/lib/typescript.js:130889:19)
    at Object.removeResolutionsOfFile (/opt/visual-studio-code/resources/app/extensions/node_modules/typescript/lib/typescript.js:130908:5)
    at InferredProject2.removeFile (/opt/visual-studio-code/resources/app/extensions/node_modules/typescript/lib/typescript.js:184059:28)
    at _ProjectService.closeOpenFile (/opt/visual-studio-code/resources/app/extensions/node_modules/typescript/lib/typescript.js:186865:11)
    at _ProjectService.closeClientFile (/opt/visual-studio-code/resources/app/extensions/node_modules/typescript/lib/typescript.js:188721:32)
    at _ProjectService.applyChangesInOpenFiles (/opt/visual-studio-code/resources/app/extensions/node_modules/typescript/lib/typescript.js:188772:57)
    at updateOpen (/opt/visual-studio-code/resources/app/extensions/node_modules/typescript/lib/typescript.js:189983:29)
    at /opt/visual-studio-code/resources/app/extensions/node_modules/typescript/lib/typescript.js:192651:15
    at IpcIOSession.executeWithRequestId (/opt/visual-studio-code/resources/app/extensions/node_modules/typescript/lib/typescript.js:192640:14)
    at IpcIOSession.executeCommand (/opt/visual-studio-code/resources/app/extensions/node_modules/typescript/lib/typescript.js:192649:29)
    at IpcIOSession.onMessage (/opt/visual-studio-code/resources/app/extensions/node_modules/typescript/lib/typescript.js:192697:68)
    at process.<anonymous> (/opt/visual-studio-code/resources/app/extensions/node_modules/typescript/lib/tsserver.js:525:14)
    at process.emit (node:events:519:28)
    at emit (node:internal/child_process:951:14)
    at process.processTicksAndRejections (node:internal/process/task_queues:83:21)
2024-11-10 22:19:32.195 [error] File seems to be binary and cannot be opened as text: Error: File seems to be binary and cannot be opened as text
    at Gnt.M (vscode-file://vscode-app/opt/visual-studio-code/resources/app/out/vs/workbench/workbench.desktop.main.js:3089:9267)
    at async Gnt.readStream (vscode-file://vscode-app/opt/visual-studio-code/resources/app/out/vs/workbench/workbench.desktop.main.js:3089:8894)
    at async Pde.Db (vscode-file://vscode-app/opt/visual-studio-code/resources/app/out/vs/workbench/workbench.desktop.main.js:1275:11960)
    at async Pde.resolve (vscode-file://vscode-app/opt/visual-studio-code/resources/app/out/vs/workbench/workbench.desktop.main.js:1275:10435)
    at async Unt.W (vscode-file://vscode-app/opt/visual-studio-code/resources/app/out/vs/workbench/workbench.desktop.main.js:3089:5752)
    at async tWe.r (vscode-file://vscode-app/opt/visual-studio-code/resources/app/out/vs/workbench/workbench.desktop.main.js:1275:20910)
    at async qpi.acquire (vscode-file://vscode-app/opt/visual-studio-code/resources/app/out/vs/workbench/workbench.desktop.main.js:25:3125)
    at async iWe.createModelReference (vscode-file://vscode-app/opt/visual-studio-code/resources/app/out/vs/workbench/workbench.desktop.main.js:1275:22466)
2024-11-10 22:34:18.750 [error] File seems to be binary and cannot be opened as text: Error: File seems to be binary and cannot be opened as text
    at Gnt.M (vscode-file://vscode-app/opt/visual-studio-code/resources/app/out/vs/workbench/workbench.desktop.main.js:3089:9267)
    at async Gnt.readStream (vscode-file://vscode-app/opt/visual-studio-code/resources/app/out/vs/workbench/workbench.desktop.main.js:3089:8894)
    at async Pde.Db (vscode-file://vscode-app/opt/visual-studio-code/resources/app/out/vs/workbench/workbench.desktop.main.js:1275:11960)
    at async Pde.resolve (vscode-file://vscode-app/opt/visual-studio-code/resources/app/out/vs/workbench/workbench.desktop.main.js:1275:10435)
    at async Unt.W (vscode-file://vscode-app/opt/visual-studio-code/resources/app/out/vs/workbench/workbench.desktop.main.js:3089:5752)
    at async tWe.r (vscode-file://vscode-app/opt/visual-studio-code/resources/app/out/vs/workbench/workbench.desktop.main.js:1275:20910)
    at async qpi.acquire (vscode-file://vscode-app/opt/visual-studio-code/resources/app/out/vs/workbench/workbench.desktop.main.js:25:3125)
    at async iWe.createModelReference (vscode-file://vscode-app/opt/visual-studio-code/resources/app/out/vs/workbench/workbench.desktop.main.js:1275:22466)
2024-11-10 22:34:22.180 [error] File seems to be binary and cannot be opened as text: Error: File seems to be binary and cannot be opened as text
    at Gnt.M (vscode-file://vscode-app/opt/visual-studio-code/resources/app/out/vs/workbench/workbench.desktop.main.js:3089:9267)
    at async Gnt.readStream (vscode-file://vscode-app/opt/visual-studio-code/resources/app/out/vs/workbench/workbench.desktop.main.js:3089:8894)
    at async Pde.Db (vscode-file://vscode-app/opt/visual-studio-code/resources/app/out/vs/workbench/workbench.desktop.main.js:1275:11960)
    at async Pde.resolve (vscode-file://vscode-app/opt/visual-studio-code/resources/app/out/vs/workbench/workbench.desktop.main.js:1275:10435)
    at async Unt.W (vscode-file://vscode-app/opt/visual-studio-code/resources/app/out/vs/workbench/workbench.desktop.main.js:3089:5752)
    at async tWe.r (vscode-file://vscode-app/opt/visual-studio-code/resources/app/out/vs/workbench/workbench.desktop.main.js:1275:20910)
    at async qpi.acquire (vscode-file://vscode-app/opt/visual-studio-code/resources/app/out/vs/workbench/workbench.desktop.main.js:25:3125)
    at async iWe.createModelReference (vscode-file://vscode-app/opt/visual-studio-code/resources/app/out/vs/workbench/workbench.desktop.main.js:1275:22466)
