2024-11-11 21:28:06.645 [info] Extension host with pid 4808 started
2024-11-11 21:28:06.645 [info] Skipping acquiring lock for /home/zeus/.config/Code/User/workspaceStorage/fb4d7249961292970917ffa9eb8aa31f.
2024-11-11 21:28:07.169 [info] ExtensionService#_doActivateExtension Vue.volar, startup: false, activationEvent: 'onLanguage:plaintext'
2024-11-11 21:28:07.369 [info] ExtensionService#_doActivateExtension vscode.emmet, startup: false, activationEvent: 'onLanguage'
2024-11-11 21:28:07.422 [info] ExtensionService#_doActivateExtension vscode.typescript-language-features, startup: false, activationEvent: 'onLanguage:javascriptreact'
2024-11-11 21:28:08.959 [info] ExtensionService#_doActivateExtension vscode.git-base, startup: true, activationEvent: '*', root cause: vscode.git
2024-11-11 21:28:08.967 [info] ExtensionService#_doActivateExtension vscode.npm, startup: true, activationEvent: 'workspaceContains:package.json'
2024-11-11 21:28:09.238 [info] ExtensionService#_doActivateExtension vscode.git, startup: true, activationEvent: '*'
2024-11-11 21:28:09.459 [info] ExtensionService#_doActivateExtension vscode.github, startup: true, activationEvent: '*'
2024-11-11 21:28:10.124 [info] Eager extensions activated
2024-11-11 21:28:10.195 [info] ExtensionService#_doActivateExtension vscode.debug-auto-launch, startup: false, activationEvent: 'onStartupFinished'
2024-11-11 21:28:10.204 [info] ExtensionService#_doActivateExtension vscode.merge-conflict, startup: false, activationEvent: 'onStartupFinished'
2024-11-11 21:28:10.304 [info] ExtensionService#_doActivateExtension dsznajder.es7-react-js-snippets, startup: false, activationEvent: 'onStartupFinished'
2024-11-11 21:28:12.150 [info] ExtensionService#_doActivateExtension ritwickdey.LiveServer, startup: false, activationEvent: 'onStartupFinished'
2024-11-11 21:28:12.240 [info] ExtensionService#_doActivateExtension shenjiaolong.vue-helper, startup: false, activationEvent: 'onStartupFinished'
2024-11-11 21:28:12.690 [info] ExtensionService#_doActivateExtension zhuangtongfa.material-theme, startup: false, activationEvent: 'onStartupFinished'
2024-11-11 21:28:15.274 [info] ExtensionService#_doActivateExtension vscode.configuration-editing, startup: false, activationEvent: 'onLanguage:json'
2024-11-11 21:28:15.304 [info] ExtensionService#_doActivateExtension vscode.extension-editing, startup: false, activationEvent: 'onLanguage:json'
2024-11-11 21:28:15.330 [info] ExtensionService#_doActivateExtension vscode.json-language-features, startup: false, activationEvent: 'onLanguage:json'
2024-11-11 21:36:26.710 [info] Extension host terminating: renderer closed the MessagePort
2024-11-11 21:36:26.787 [info] Extension host with pid 4808 exiting with code 0
