2024-11-10 17:39:19.468 [info] Getting Manifest... dsznajder.es7-react-js-snippets
2024-11-10 17:39:20.196 [info] Installing extension: dsznajder.es7-react-js-snippets {"isMachineScoped":false,"installPreReleaseVersion":false,"pinned":false,"profileLocation":{"$mid":1,"external":"vscode-userdata:/home/zeus/.vscode/extensions/extensions.json","path":"/home/zeus/.vscode/extensions/extensions.json","scheme":"vscode-userdata"},"installOnlyNewlyAddedFromExtensionPack":true,"isApplicationScoped":false,"productVersion":{"version":"1.95.0","date":"2024-10-28T20:16:24.561Z"}}
2024-11-10 17:39:22.783 [info] Extension signature verification result for dsznajder.es7-react-js-snippets: UnknownError. Executed: true. Duration: 34ms.
2024-11-10 17:39:23.960 [info] Extracted extension to file:///home/zeus/.vscode/extensions/dsznajder.es7-react-js-snippets-4.4.3: dsznajder.es7-react-js-snippets
2024-11-10 17:39:23.963 [info] Renamed to /home/zeus/.vscode/extensions/dsznajder.es7-react-js-snippets-4.4.3
2024-11-10 17:39:24.004 [info] Extension installed successfully: dsznajder.es7-react-js-snippets vscode-userdata:/home/zeus/.vscode/extensions/extensions.json
2024-11-10 17:39:24.051 [error] [uncaught exception in sharedProcess]: Error: ENOENT: no such file or directory, stat '/home/zeus/.vscode/extensions/extensions.json.vsctmp': EntryNotFound (FileSystemError): Error: ENOENT: no such file or directory, stat '/home/zeus/.vscode/extensions/extensions.json.vsctmp'
    at hm.create (file:///opt/visual-studio-code/resources/app/out/vs/code/electron-utility/sharedProcess/sharedProcessMain.js:35:39254)
    at Es (file:///opt/visual-studio-code/resources/app/out/vs/code/electron-utility/sharedProcess/sharedProcessMain.js:35:39361)
    at Fr.ib (file:///opt/visual-studio-code/resources/app/out/vs/code/electron-utility/sharedProcess/sharedProcessMain.js:71:22677)
    at Fr.stat (file:///opt/visual-studio-code/resources/app/out/vs/code/electron-utility/sharedProcess/sharedProcessMain.js:71:16010)
    at async Zl.stat (file:///opt/visual-studio-code/resources/app/out/vs/code/electron-utility/sharedProcess/sharedProcessMain.js:70:84491)
    at async Jl.yb (file:///opt/visual-studio-code/resources/app/out/vs/code/electron-utility/sharedProcess/sharedProcessMain.js:70:66605)
2024-11-10 17:54:47.384 [info] Getting Manifest... be5invis.vscode-icontheme-nomo-dark
2024-11-10 17:54:47.798 [info] Installing extension: be5invis.vscode-icontheme-nomo-dark {"isMachineScoped":false,"installPreReleaseVersion":false,"pinned":false,"profileLocation":{"$mid":1,"external":"vscode-userdata:/home/zeus/.vscode/extensions/extensions.json","path":"/home/zeus/.vscode/extensions/extensions.json","scheme":"vscode-userdata"},"installOnlyNewlyAddedFromExtensionPack":true,"isApplicationScoped":false,"productVersion":{"version":"1.95.0","date":"2024-10-28T20:16:24.561Z"}}
2024-11-10 17:54:50.186 [info] Extension signature verification result for be5invis.vscode-icontheme-nomo-dark: UnknownError. Executed: true. Duration: 30ms.
2024-11-10 17:54:50.398 [info] Extracted extension to file:///home/zeus/.vscode/extensions/be5invis.vscode-icontheme-nomo-dark-1.3.6: be5invis.vscode-icontheme-nomo-dark
2024-11-10 17:54:50.400 [info] Renamed to /home/zeus/.vscode/extensions/be5invis.vscode-icontheme-nomo-dark-1.3.6
2024-11-10 17:54:50.438 [info] Extension installed successfully: be5invis.vscode-icontheme-nomo-dark vscode-userdata:/home/zeus/.vscode/extensions/extensions.json
2024-11-10 17:54:50.483 [error] [uncaught exception in sharedProcess]: Error: ENOENT: no such file or directory, stat '/home/zeus/.vscode/extensions/extensions.json.vsctmp': EntryNotFound (FileSystemError): Error: ENOENT: no such file or directory, stat '/home/zeus/.vscode/extensions/extensions.json.vsctmp'
    at hm.create (file:///opt/visual-studio-code/resources/app/out/vs/code/electron-utility/sharedProcess/sharedProcessMain.js:35:39254)
    at Es (file:///opt/visual-studio-code/resources/app/out/vs/code/electron-utility/sharedProcess/sharedProcessMain.js:35:39361)
    at Fr.ib (file:///opt/visual-studio-code/resources/app/out/vs/code/electron-utility/sharedProcess/sharedProcessMain.js:71:22677)
    at Fr.stat (file:///opt/visual-studio-code/resources/app/out/vs/code/electron-utility/sharedProcess/sharedProcessMain.js:71:16010)
    at async Zl.stat (file:///opt/visual-studio-code/resources/app/out/vs/code/electron-utility/sharedProcess/sharedProcessMain.js:70:84491)
    at async Jl.yb (file:///opt/visual-studio-code/resources/app/out/vs/code/electron-utility/sharedProcess/sharedProcessMain.js:70:66605)
2024-11-10 17:55:08.279 [info] Getting Manifest... rocketseat.theme-omni
2024-11-10 17:55:08.424 [info] Installing extension: rocketseat.theme-omni {"isMachineScoped":false,"installPreReleaseVersion":false,"pinned":false,"profileLocation":{"$mid":1,"external":"vscode-userdata:/home/zeus/.vscode/extensions/extensions.json","path":"/home/zeus/.vscode/extensions/extensions.json","scheme":"vscode-userdata"},"installOnlyNewlyAddedFromExtensionPack":true,"isApplicationScoped":false,"productVersion":{"version":"1.95.0","date":"2024-10-28T20:16:24.561Z"}}
2024-11-10 17:55:09.424 [info] Extension signature verification result for rocketseat.theme-omni: UnknownError. Executed: true. Duration: 35ms.
2024-11-10 17:55:09.490 [info] Extracted extension to file:///home/zeus/.vscode/extensions/rocketseat.theme-omni-1.0.12: rocketseat.theme-omni
2024-11-10 17:55:09.500 [info] Renamed to /home/zeus/.vscode/extensions/rocketseat.theme-omni-1.0.12
2024-11-10 17:55:09.602 [info] Extension installed successfully: rocketseat.theme-omni vscode-userdata:/home/zeus/.vscode/extensions/extensions.json
2024-11-10 17:55:09.609 [error] [uncaught exception in sharedProcess]: Error: ENOENT: no such file or directory, stat '/home/zeus/.vscode/extensions/extensions.json.vsctmp': EntryNotFound (FileSystemError): Error: ENOENT: no such file or directory, stat '/home/zeus/.vscode/extensions/extensions.json.vsctmp'
    at hm.create (file:///opt/visual-studio-code/resources/app/out/vs/code/electron-utility/sharedProcess/sharedProcessMain.js:35:39254)
    at Es (file:///opt/visual-studio-code/resources/app/out/vs/code/electron-utility/sharedProcess/sharedProcessMain.js:35:39361)
    at Fr.ib (file:///opt/visual-studio-code/resources/app/out/vs/code/electron-utility/sharedProcess/sharedProcessMain.js:71:22677)
    at Fr.stat (file:///opt/visual-studio-code/resources/app/out/vs/code/electron-utility/sharedProcess/sharedProcessMain.js:71:16010)
    at async Zl.stat (file:///opt/visual-studio-code/resources/app/out/vs/code/electron-utility/sharedProcess/sharedProcessMain.js:70:84491)
    at async Jl.yb (file:///opt/visual-studio-code/resources/app/out/vs/code/electron-utility/sharedProcess/sharedProcessMain.js:70:66605)
