2024-11-11 19:53:54.952 [info] Revived process, old id fb4d7249961292970917ffa9eb8aa31f-1 -> new id 1
2024-11-11 19:53:54.953 [info] Revived process, old id fb4d7249961292970917ffa9eb8aa31f-2 -> new id 2
2024-11-11 19:53:54.953 [info] Revived process, old id fb4d7249961292970917ffa9eb8aa31f-3 -> new id 3
2024-11-11 19:53:54.953 [info] Revived process, old id fb4d7249961292970917ffa9eb8aa31f-4 -> new id 4
2024-11-11 19:53:54.953 [info] Revived process, old id fb4d7249961292970917ffa9eb8aa31f-5 -> new id 5
2024-11-11 19:53:55.133 [info] Expanding terminal instance, old id fb4d7249961292970917ffa9eb8aa31f-1 -> new id 1
2024-11-11 19:53:55.133 [info] Expanding terminal instance, old id fb4d7249961292970917ffa9eb8aa31f-2 -> new id 2
2024-11-11 19:53:55.133 [info] Expanding terminal instance, old id fb4d7249961292970917ffa9eb8aa31f-3 -> new id 3
2024-11-11 19:53:55.133 [info] Expanding terminal instance, old id fb4d7249961292970917ffa9eb8aa31f-4 -> new id 4
2024-11-11 19:53:55.133 [info] Expanding terminal instance, old id fb4d7249961292970917ffa9eb8aa31f-5 -> new id 5
2024-11-11 19:53:56.913 [warning] Persistent process "1": Process had no disconnect runners but was an orphan
2024-11-11 19:53:56.913 [info] Persistent process reconnection "1"
2024-11-11 19:53:56.916 [warning] Persistent process "2": Process had no disconnect runners but was an orphan
2024-11-11 19:53:56.916 [info] Persistent process reconnection "2"
2024-11-11 19:53:56.916 [warning] Persistent process "3": Process had no disconnect runners but was an orphan
2024-11-11 19:53:56.916 [info] Persistent process reconnection "3"
2024-11-11 19:53:56.917 [warning] Persistent process "5": Process had no disconnect runners but was an orphan
2024-11-11 19:53:56.917 [info] Persistent process reconnection "5"
2024-11-11 19:53:56.917 [warning] Persistent process "4": Process had no disconnect runners but was an orphan
2024-11-11 19:53:56.917 [info] Persistent process reconnection "4"
2024-11-11 19:53:57.113 [info] Persistent process "1": Replaying 5898 chars and 1 size events
2024-11-11 19:53:57.238 [info] Persistent process "2": Replaying 2932 chars and 1 size events
2024-11-11 19:53:57.286 [info] Persistent process "3": Replaying 7596 chars and 1 size events
2024-11-11 19:53:57.336 [info] Persistent process "5": Replaying 5560 chars and 1 size events
2024-11-11 19:53:57.424 [info] Persistent process "4": Replaying 4402 chars and 1 size events
