2024-11-11 08:43:40.488 [info] [main] Log level: Info
2024-11-11 08:43:40.488 [info] [main] Validating found git in: "git"
2024-11-11 08:43:40.488 [info] [main] Using git "2.47.0" from "git"
2024-11-11 08:43:40.488 [info] [Model][doInitialScan] Initial repository scan started
2024-11-11 08:43:40.546 [info] > git rev-parse --show-toplevel [105ms]
2024-11-11 08:43:40.546 [info] fatal: detected dubious ownership in repository at '/mnt/sdb5/react-project'
To add an exception for this directory, call:

	git config --global --add safe.directory /mnt/sdb5/react-project
2024-11-11 08:43:40.777 [info] > git rev-parse --show-toplevel [96ms]
2024-11-11 08:43:40.777 [info] fatal: detected dubious ownership in repository at '/mnt/sdb5/react-project'
To add an exception for this directory, call:

	git config --global --add safe.directory /mnt/sdb5/react-project
2024-11-11 08:43:42.393 [info] > git rev-parse --show-toplevel [1569ms]
2024-11-11 08:43:42.394 [info] fatal: detected dubious ownership in repository at '/mnt/sdb5/react-project'
To add an exception for this directory, call:

	git config --global --add safe.directory /mnt/sdb5/react-project
2024-11-11 08:43:42.722 [info] > git rev-parse --show-toplevel [33ms]
2024-11-11 08:43:42.722 [info] fatal: detected dubious ownership in repository at '/mnt/sdb5/react-project'
To add an exception for this directory, call:

	git config --global --add safe.directory /mnt/sdb5/react-project
2024-11-11 08:43:42.932 [info] > git rev-parse --show-toplevel [48ms]
2024-11-11 08:43:42.932 [info] fatal: detected dubious ownership in repository at '/mnt/sdb5/react-project'
To add an exception for this directory, call:

	git config --global --add safe.directory /mnt/sdb5/react-project
2024-11-11 08:43:42.946 [info] [Model][doInitialScan] Initial repository scan completed - repositories (0), closed repositories (0), parent repositories (0), unsafe repositories (1)
2024-11-11 08:43:42.982 [info] > git rev-parse --show-toplevel [5ms]
2024-11-11 08:43:42.982 [info] fatal: detected dubious ownership in repository at '/mnt/sdb5/react-project'
To add an exception for this directory, call:

	git config --global --add safe.directory /mnt/sdb5/react-project
2024-11-11 08:43:43.022 [info] > git rev-parse --show-toplevel [9ms]
2024-11-11 08:43:43.022 [info] fatal: detected dubious ownership in repository at '/mnt/sdb5/react-project'
To add an exception for this directory, call:

	git config --global --add safe.directory /mnt/sdb5/react-project
2024-11-11 08:43:43.082 [info] > git rev-parse --show-toplevel [28ms]
2024-11-11 08:43:43.082 [info] fatal: detected dubious ownership in repository at '/mnt/sdb5/react-project'
To add an exception for this directory, call:

	git config --global --add safe.directory /mnt/sdb5/react-project
2024-11-11 08:43:43.130 [info] > git rev-parse --show-toplevel [19ms]
2024-11-11 08:43:43.130 [info] fatal: detected dubious ownership in repository at '/mnt/sdb5/react-project'
To add an exception for this directory, call:

	git config --global --add safe.directory /mnt/sdb5/react-project
