2024-11-11 18:48:56.756 [info] [main] Log level: Info
2024-11-11 18:48:56.756 [info] [main] Validating found git in: "git"
2024-11-11 18:48:56.756 [info] [main] Using git "2.47.0" from "git"
2024-11-11 18:48:56.756 [info] [Model][doInitialScan] Initial repository scan started
2024-11-11 18:48:56.756 [info] > git rev-parse --show-toplevel [94ms]
2024-11-11 18:48:56.756 [info] fatal: detected dubious ownership in repository at '/mnt/sdb5/react-project'
To add an exception for this directory, call:

	git config --global --add safe.directory /mnt/sdb5/react-project
2024-11-11 18:48:56.896 [info] > git rev-parse --show-toplevel [26ms]
2024-11-11 18:48:56.896 [info] fatal: detected dubious ownership in repository at '/mnt/sdb5/react-project'
To add an exception for this directory, call:

	git config --global --add safe.directory /mnt/sdb5/react-project
2024-11-11 18:48:57.042 [info] > git rev-parse --show-toplevel [66ms]
2024-11-11 18:48:57.042 [info] fatal: detected dubious ownership in repository at '/mnt/sdb5/react-project'
To add an exception for this directory, call:

	git config --global --add safe.directory /mnt/sdb5/react-project
2024-11-11 18:48:59.792 [info] > git rev-parse --show-toplevel [2395ms]
2024-11-11 18:48:59.793 [info] fatal: detected dubious ownership in repository at '/mnt/sdb5/react-project'
To add an exception for this directory, call:

	git config --global --add safe.directory /mnt/sdb5/react-project
2024-11-11 18:49:00.410 [info] > git rev-parse --show-toplevel [53ms]
2024-11-11 18:49:00.410 [info] fatal: detected dubious ownership in repository at '/mnt/sdb5/react-project'
To add an exception for this directory, call:

	git config --global --add safe.directory /mnt/sdb5/react-project
2024-11-11 18:49:00.480 [info] [Model][doInitialScan] Initial repository scan completed - repositories (0), closed repositories (0), parent repositories (0), unsafe repositories (1)
2024-11-11 18:49:00.650 [info] > git rev-parse --show-toplevel [148ms]
2024-11-11 18:49:00.651 [info] fatal: detected dubious ownership in repository at '/mnt/sdb5/react-project'
To add an exception for this directory, call:

	git config --global --add safe.directory /mnt/sdb5/react-project
2024-11-11 18:49:00.730 [info] > git rev-parse --show-toplevel [12ms]
2024-11-11 18:49:00.730 [info] fatal: detected dubious ownership in repository at '/mnt/sdb5/react-project'
To add an exception for this directory, call:

	git config --global --add safe.directory /mnt/sdb5/react-project
2024-11-11 18:49:00.763 [info] > git rev-parse --show-toplevel [10ms]
2024-11-11 18:49:00.763 [info] fatal: detected dubious ownership in repository at '/mnt/sdb5/react-project'
To add an exception for this directory, call:

	git config --global --add safe.directory /mnt/sdb5/react-project
2024-11-11 18:49:00.829 [info] > git rev-parse --show-toplevel [29ms]
2024-11-11 18:49:00.829 [info] fatal: detected dubious ownership in repository at '/mnt/sdb5/react-project'
To add an exception for this directory, call:

	git config --global --add safe.directory /mnt/sdb5/react-project
2024-11-11 18:49:00.896 [info] > git rev-parse --show-toplevel [27ms]
2024-11-11 18:49:00.896 [info] fatal: detected dubious ownership in repository at '/mnt/sdb5/react-project'
To add an exception for this directory, call:

	git config --global --add safe.directory /mnt/sdb5/react-project
2024-11-11 18:59:22.841 [info] > git rev-parse --show-toplevel [7ms]
2024-11-11 18:59:22.841 [info] fatal: detected dubious ownership in repository at '/mnt/sdb5/react-project'
To add an exception for this directory, call:

	git config --global --add safe.directory /mnt/sdb5/react-project
2024-11-11 18:59:26.827 [info] > git rev-parse --show-toplevel [5ms]
2024-11-11 18:59:26.827 [info] fatal: detected dubious ownership in repository at '/mnt/sdb5/react-project'
To add an exception for this directory, call:

	git config --global --add safe.directory /mnt/sdb5/react-project
